# JRE version: OpenJDK Runtime Environment (17.0.1+12) (build 17.0.1+12-39)
# Java VM: OpenJDK 64-Bit Server VM (17.0.1+12-39, mixed mode, sharing, tiered, compressed oops, compressed class ptrs, g1 gc, windows-amd64)
GC Precious Log:
 CPUs: 8 total, 8 available
 Memory: 16161M
 Large Page Support: Disabled
 NUMA Support: Disabled
 Compressed Oops: Enabled (Zero based)
 Heap Region Size: 2M
 Heap Min Capacity: 8M
 Heap Initial Capacity: 254M
 Heap Max Capacity: 4042M
 Pre-touch: Disabled
 Parallel Workers: 8
 Concurrent Workers: 2
 Concurrent Refinement Workers: 8
 Periodic GC: Disabled
Heap:
 garbage-first heap   total 260096K, used 59678K [0x0000000703600000, 0x0000000800000000)
  region size 2048K, 24 young (49152K), 1 survivors (2048K)
 Metaspace       used 14610K, committed 14784K, reserved 1064960K
  class space    used 1221K, committed 1344K, reserved 1048576K
GC Heap History (20 events):
Event: 803.288 GC heap before
{Heap before GC invocations=271 (full 0):
 garbage-first heap   total 260096K, used 168514K [0x0000000703600000, 0x0000000800000000)
  region size 2048K, 76 young (155648K), 1 survivors (2048K)
 Metaspace       used 14604K, committed 14784K, reserved 1064960K
  class space    used 1221K, committed 1344K, reserved 1048576K
}
Event: 803.290 GC heap after
{Heap after GC invocations=272 (full 0):
 garbage-first heap   total 260096K, used 14859K [0x0000000703600000, 0x0000000800000000)
  region size 2048K, 1 young (2048K), 1 survivors (2048K)
 Metaspace       used 14604K, committed 14784K, reserved 1064960K
  class space    used 1221K, committed 1344K, reserved 1048576K
}
Event: 807.020 GC heap before
{Heap before GC invocations=272 (full 0):
 garbage-first heap   total 260096K, used 168459K [0x0000000703600000, 0x0000000800000000)
  region size 2048K, 76 young (155648K), 1 survivors (2048K)
 Metaspace       used 14604K, committed 14784K, reserved 1064960K
  class space    used 1221K, committed 1344K, reserved 1048576K
}
Event: 807.021 GC heap after
{Heap after GC invocations=273 (full 0):
 garbage-first heap   total 260096K, used 14885K [0x0000000703600000, 0x0000000800000000)
  region size 2048K, 1 young (2048K), 1 survivors (2048K)
 Metaspace       used 14604K, committed 14784K, reserved 1064960K
  class space    used 1221K, committed 1344K, reserved 1048576K
}
Event: 810.684 GC heap before
{Heap before GC invocations=273 (full 0):
 garbage-first heap   total 260096K, used 168485K [0x0000000703600000, 0x0000000800000000)
  region size 2048K, 76 young (155648K), 1 survivors (2048K)
 Metaspace       used 14604K, committed 14784K, reserved 1064960K
  class space    used 1221K, committed 1344K, reserved 1048576K
}
Event: 810.685 GC heap after
{Heap after GC invocations=274 (full 0):
 garbage-first heap   total 260096K, used 14874K [0x0000000703600000, 0x0000000800000000)
  region size 2048K, 1 young (2048K), 1 survivors (2048K)
 Metaspace       used 14604K, committed 14784K, reserved 1064960K
  class space    used 1221K, committed 1344K, reserved 1048576K
}
Event: 820.955 GC heap before
{Heap before GC invocations=274 (full 0):
 garbage-first heap   total 260096K, used 168474K [0x0000000703600000, 0x0000000800000000)
  region size 2048K, 76 young (155648K), 1 survivors (2048K)
 Metaspace       used 14607K, committed 14784K, reserved 1064960K
  class space    used 1221K, committed 1344K, reserved 1048576K
}
Event: 820.958 GC heap after
{Heap after GC invocations=275 (full 0):
 garbage-first heap   total 260096K, used 14791K [0x0000000703600000, 0x0000000800000000)
  region size 2048K, 1 young (2048K), 1 survivors (2048K)
 Metaspace       used 14607K, committed 14784K, reserved 1064960K
  class space    used 1221K, committed 1344K, reserved 1048576K
}
Event: 824.649 GC heap before
{Heap before GC invocations=275 (full 0):
 garbage-first heap   total 260096K, used 168391K [0x0000000703600000, 0x0000000800000000)
  region size 2048K, 76 young (155648K), 1 survivors (2048K)
 Metaspace       used 14607K, committed 14784K, reserved 1064960K
  class space    used 1221K, committed 1344K, reserved 1048576K
}
Event: 824.652 GC heap after
{Heap after GC invocations=276 (full 0):
 garbage-first heap   total 260096K, used 14794K [0x0000000703600000, 0x0000000800000000)
  region size 2048K, 1 young (2048K), 1 survivors (2048K)
 Metaspace       used 14607K, committed 14784K, reserved 1064960K
  class space    used 1221K, committed 1344K, reserved 1048576K
}
Event: 828.987 GC heap before
{Heap before GC invocations=276 (full 0):
 garbage-first heap   total 260096K, used 168394K [0x0000000703600000, 0x0000000800000000)
  region size 2048K, 76 young (155648K), 1 survivors (2048K)
 Metaspace       used 14607K, committed 14784K, reserved 1064960K
  class space    used 1221K, committed 1344K, reserved 1048576K
}
Event: 828.988 GC heap after
{Heap after GC invocations=277 (full 0):
 garbage-first heap   total 260096K, used 14784K [0x0000000703600000, 0x0000000800000000)
  region size 2048K, 1 young (2048K), 1 survivors (2048K)
 Metaspace       used 14607K, committed 14784K, reserved 1064960K
  class space    used 1221K, committed 1344K, reserved 1048576K
}
Event: 840.129 GC heap before
{Heap before GC invocations=277 (full 0):
 garbage-first heap   total 260096K, used 168384K [0x0000000703600000, 0x0000000800000000)
  region size 2048K, 76 young (155648K), 1 survivors (2048K)
 Metaspace       used 14610K, committed 14784K, reserved 1064960K
  class space    used 1221K, committed 1344K, reserved 1048576K
}
Event: 840.142 GC heap after
{Heap after GC invocations=278 (full 0):
 garbage-first heap   total 260096K, used 14666K [0x0000000703600000, 0x0000000800000000)
  region size 2048K, 1 young (2048K), 1 survivors (2048K)
 Metaspace       used 14610K, committed 14784K, reserved 1064960K
  class space    used 1221K, committed 1344K, reserved 1048576K
}
Event: 844.498 GC heap before
{Heap before GC invocations=278 (full 0):
 garbage-first heap   total 260096K, used 168266K [0x0000000703600000, 0x0000000800000000)
  region size 2048K, 76 young (155648K), 1 survivors (2048K)
 Metaspace       used 14610K, committed 14784K, reserved 1064960K
  class space    used 1221K, committed 1344K, reserved 1048576K
}
Event: 844.500 GC heap after
{Heap after GC invocations=279 (full 0):
 garbage-first heap   total 260096K, used 14682K [0x0000000703600000, 0x0000000800000000)
  region size 2048K, 1 young (2048K), 1 survivors (2048K)
 Metaspace       used 14610K, committed 14784K, reserved 1064960K
  class space    used 1221K, committed 1344K, reserved 1048576K
}
Event: 852.977 GC heap before
{Heap before GC invocations=279 (full 0):
 garbage-first heap   total 260096K, used 168282K [0x0000000703600000, 0x0000000800000000)
  region size 2048K, 76 young (155648K), 1 survivors (2048K)
 Metaspace       used 14610K, committed 14784K, reserved 1064960K
  class space    used 1221K, committed 1344K, reserved 1048576K
}
Event: 852.978 GC heap after
{Heap after GC invocations=280 (full 0):
 garbage-first heap   total 260096K, used 14661K [0x0000000703600000, 0x0000000800000000)
  region size 2048K, 1 young (2048K), 1 survivors (2048K)
 Metaspace       used 14610K, committed 14784K, reserved 1064960K
  class space    used 1221K, committed 1344K, reserved 1048576K
}
Event: 864.168 GC heap before
{Heap before GC invocations=280 (full 0):
 garbage-first heap   total 260096K, used 168261K [0x0000000703600000, 0x0000000800000000)
  region size 2048K, 76 young (155648K), 1 survivors (2048K)
 Metaspace       used 14610K, committed 14784K, reserved 1064960K
  class space    used 1221K, committed 1344K, reserved 1048576K
}
Event: 864.169 GC heap after
{Heap after GC invocations=281 (full 0):
 garbage-first heap   total 260096K, used 14622K [0x0000000703600000, 0x0000000800000000)
  region size 2048K, 1 young (2048K), 1 survivors (2048K)
 Metaspace       used 14610K, committed 14784K, reserved 1064960K
  class space    used 1221K, committed 1344K, reserved 1048576K
}

